current directory: /home/mlf/smart_ai/smart_bot/vender/bundle/ruby/4.0.0/gems/puma-6.6.1/ext/puma_http11
/usr/local/bin/ruby extconf.rb
checking for pkg-config for openssl... [" ", "", "-lssl -lcrypto"]
──── Using OpenSSL pkgconfig (openssl.pc) ────
checking for openssl/bio.h... yes

──── Below are yes for 1.0.2 & later ────
checking for DTLS_method() in openssl/ssl.h... yes
checking for SSL_CTX_set_session_cache_mode(NULL, 0) in openssl/ssl.h... yes

──── Below are yes for 1.1.0 & later ────
checking for TLS_server_method() in openssl/ssl.h... yes
checking for SSL_CTX_set_min_proto_version(NULL, 0) in openssl/ssl.h... yes

──── Below is yes for 1.1.0 and later, but isn't documented until 3.0.0 ────
checking for SSL_CTX_set_dh_auto(NULL, 0) in openssl/ssl.h... yes

──── Below is yes for 1.1.1 & later ────
checking for SSL_CTX_set_ciphersuites(NULL, "") in openssl/ssl.h... yes

──── Below is yes for 3.0.0 & later ────
checking for SSL_get1_peer_certificate() in openssl/ssl.h... yes

checking for Random.bytes... yes
creating Makefile

current directory: /home/mlf/smart_ai/smart_bot/vender/bundle/ruby/4.0.0/gems/puma-6.6.1/ext/puma_http11
make -j37 DESTDIR\= sitearchdir\=./.gem.20260210-5377-wgp0s4 sitelibdir\=./.gem.20260210-5377-wgp0s4 clean

current directory: /home/mlf/smart_ai/smart_bot/vender/bundle/ruby/4.0.0/gems/puma-6.6.1/ext/puma_http11
make -j37 DESTDIR\= sitearchdir\=./.gem.20260210-5377-wgp0s4 sitelibdir\=./.gem.20260210-5377-wgp0s4
compiling http11_parser.c
compiling mini_ssl.c
compiling puma_http11.c
linking shared-object puma/puma_http11.so

current directory: /home/mlf/smart_ai/smart_bot/vender/bundle/ruby/4.0.0/gems/puma-6.6.1/ext/puma_http11
make -j37 DESTDIR\= sitearchdir\=./.gem.20260210-5377-wgp0s4 sitelibdir\=./.gem.20260210-5377-wgp0s4 install
/usr/bin/install -c -m 0755 puma_http11.so ./.gem.20260210-5377-wgp0s4/puma

current directory: /home/mlf/smart_ai/smart_bot/vender/bundle/ruby/4.0.0/gems/puma-6.6.1/ext/puma_http11
make DESTDIR\= sitearchdir\=./.gem.20260210-5377-wgp0s4 sitelibdir\=./.gem.20260210-5377-wgp0s4 clean
